The target system is: Arduino -  - 
The host system is: Linux - 4.15.0-46-generic - x86_64
Compiling the C compiler identification source file "CMakeCCompilerId.c" succeeded.
Compiler: /opt/arduino/hardware/tools/avr/bin/avr-gcc 
Build flags: 
Id flags:  

The output was:
0


Compilation of the C compiler identification source "CMakeCCompilerId.c" produced "a.out"

The C compiler identification is GNU, found in "/home/thiago/CLionProjects/carrinhoVencedor/cmake-build-debug/CMakeFiles/3.14.5/CompilerIdC/a.out"

Compiling the CXX compiler identification source file "CMakeCXXCompilerId.cpp" succeeded.
Compiler: /opt/arduino/hardware/tools/avr/bin/avr-g++ 
Build flags: 
Id flags:  

The output was:
0


Compilation of the CXX compiler identification source "CMakeCXXCompilerId.cpp" produced "a.out"

The CXX compiler identification is GNU, found in "/home/thiago/CLionProjects/carrinhoVencedor/cmake-build-debug/CMakeFiles/3.14.5/CompilerIdCXX/a.out"

Determining if the C compiler works passed with the following output:
Change Dir: /home/thiago/CLionProjects/carrinhoVencedor/cmake-build-debug/CMakeFiles/CMakeTmp

Run Build Command(s):/usr/bin/make cmTC_fd8d2/fast 
/usr/bin/make -f CMakeFiles/cmTC_fd8d2.dir/build.make CMakeFiles/cmTC_fd8d2.dir/build
make[1]: Entering directory '/home/thiago/CLionProjects/carrinhoVencedor/cmake-build-debug/CMakeFiles/CMakeTmp'
Building C object CMakeFiles/cmTC_fd8d2.dir/testCCompiler.c.obj
/opt/arduino/hardware/tools/avr/bin/avr-gcc   -g -Os -w -ffunction-sections -fdata-sections -MMD    -o CMakeFiles/cmTC_fd8d2.dir/testCCompiler.c.obj   -c /home/thiago/CLionProjects/carrinhoVencedor/cmake-build-debug/CMakeFiles/CMakeTmp/testCCompiler.c
Linking C executable cmTC_fd8d2
/opt/CLion/bin/cmake/linux/bin/cmake -E cmake_link_script CMakeFiles/cmTC_fd8d2.dir/link.txt --verbose=1
/opt/arduino/hardware/tools/avr/bin/avr-gcc -g -Os -w -ffunction-sections -fdata-sections -MMD   -w -Os -Wl,--gc-sections  CMakeFiles/cmTC_fd8d2.dir/testCCompiler.c.obj  -o cmTC_fd8d2 
make[1]: Leaving directory '/home/thiago/CLionProjects/carrinhoVencedor/cmake-build-debug/CMakeFiles/CMakeTmp'


Detecting C compiler ABI info compiled with the following output:
Change Dir: /home/thiago/CLionProjects/carrinhoVencedor/cmake-build-debug/CMakeFiles/CMakeTmp

Run Build Command(s):/usr/bin/make cmTC_58abf/fast 
/usr/bin/make -f CMakeFiles/cmTC_58abf.dir/build.make CMakeFiles/cmTC_58abf.dir/build
make[1]: Entering directory '/home/thiago/CLionProjects/carrinhoVencedor/cmake-build-debug/CMakeFiles/CMakeTmp'
Building C object CMakeFiles/cmTC_58abf.dir/CMakeCCompilerABI.c.obj
/opt/arduino/hardware/tools/avr/bin/avr-gcc   -g -Os -w -ffunction-sections -fdata-sections -MMD    -v -o CMakeFiles/cmTC_58abf.dir/CMakeCCompilerABI.c.obj   -c /opt/CLion/bin/cmake/linux/share/cmake-3.14/Modules/CMakeCCompilerABI.c
Using built-in specs.
Reading specs from /opt/arduino/hardware/tools/avr/bin/../lib/gcc/avr/5.4.0/device-specs/specs-avr2
COLLECT_GCC=/opt/arduino/hardware/tools/avr/bin/avr-gcc
Target: avr
Configured with: ../gcc/configure --enable-fixed-point --enable-languages=c,c++ --prefix=/home/jenkins/workspace/avr-gcc-staging/label/debian7-x86_64/objdir --disable-nls --disable-libssp --disable-libada --disable-shared --with-avrlibc=yes --with-dwarf2 --disable-doc --target=avr
Thread model: single
gcc version 5.4.0 (GCC) 
COLLECT_GCC_OPTIONS='-g' '-Os' '-w' '-ffunction-sections' '-fdata-sections' '-MMD' '-v' '-o' 'CMakeFiles/cmTC_58abf.dir/CMakeCCompilerABI.c.obj' '-c' '-specs=device-specs/specs-avr2'
 /opt/arduino/hardware/tools/avr/bin/../libexec/gcc/avr/5.4.0/cc1 -quiet -v -iprefix /opt/arduino/hardware/tools/avr/bin/../lib/gcc/avr/5.4.0/ -MMD CMakeFiles/cmTC_58abf.dir/CMakeCCompilerABI.c.d -MQ CMakeFiles/cmTC_58abf.dir/CMakeCCompilerABI.c.obj /opt/CLion/bin/cmake/linux/share/cmake-3.14/Modules/CMakeCCompilerABI.c -mn-flash=1 -mskip-bug -quiet -dumpbase CMakeCCompilerABI.c -auxbase-strip CMakeFiles/cmTC_58abf.dir/CMakeCCompilerABI.c.obj -g -Os -w -version -ffunction-sections -fdata-sections -o /tmp/ccyfqE95.s
GNU C11 (GCC) version 5.4.0 (avr)
	compiled by GNU C version 4.7.2, GMP version 5.0.2, MPFR version 3.0.0, MPC version 0.9
GGC heuristics: --param ggc-min-expand=100 --param ggc-min-heapsize=131072
ignoring nonexistent directory "/opt/arduino/hardware/tools/avr/bin/../lib/gcc/avr/5.4.0/../../../../avr/sys-include"
ignoring duplicate directory "/opt/arduino/hardware/tools/avr/bin/../lib/gcc/../../lib/gcc/avr/5.4.0/include"
ignoring duplicate directory "/opt/arduino/hardware/tools/avr/bin/../lib/gcc/../../lib/gcc/avr/5.4.0/include-fixed"
ignoring nonexistent directory "/opt/arduino/hardware/tools/avr/bin/../lib/gcc/../../lib/gcc/avr/5.4.0/../../../../avr/sys-include"
ignoring duplicate directory "/opt/arduino/hardware/tools/avr/bin/../lib/gcc/../../lib/gcc/avr/5.4.0/../../../../avr/include"
#include "..." search starts here:
#include <...> search starts here:
 /opt/arduino/hardware/tools/avr/bin/../lib/gcc/avr/5.4.0/include
 /opt/arduino/hardware/tools/avr/bin/../lib/gcc/avr/5.4.0/include-fixed
 /opt/arduino/hardware/tools/avr/bin/../lib/gcc/avr/5.4.0/../../../../avr/include
End of search list.
GNU C11 (GCC) version 5.4.0 (avr)
	compiled by GNU C version 4.7.2, GMP version 5.0.2, MPFR version 3.0.0, MPC version 0.9
GGC heuristics: --param ggc-min-expand=100 --param ggc-min-heapsize=131072
Compiler executable checksum: f5d8cea1c47b4bee125131f132d8a042
COLLECT_GCC_OPTIONS='-g' '-Os' '-w' '-ffunction-sections' '-fdata-sections' '-MMD' '-v' '-o' 'CMakeFiles/cmTC_58abf.dir/CMakeCCompilerABI.c.obj' '-c' '-specs=device-specs/specs-avr2'
 /opt/arduino/hardware/tools/avr/bin/../lib/gcc/avr/5.4.0/../../../../avr/bin/as -mmcu=avr2 -o CMakeFiles/cmTC_58abf.dir/CMakeCCompilerABI.c.obj /tmp/ccyfqE95.s
COMPILER_PATH=/opt/arduino/hardware/tools/avr/bin/../libexec/gcc/avr/5.4.0/:/opt/arduino/hardware/tools/avr/bin/../libexec/gcc/:/opt/arduino/hardware/tools/avr/bin/../lib/gcc/avr/5.4.0/../../../../avr/bin/
LIBRARY_PATH=/opt/arduino/hardware/tools/avr/bin/../lib/gcc/avr/5.4.0/:/opt/arduino/hardware/tools/avr/bin/../lib/gcc/:/opt/arduino/hardware/tools/avr/bin/../lib/gcc/avr/5.4.0/../../../../avr/lib/
COLLECT_GCC_OPTIONS='-g' '-Os' '-w' '-ffunction-sections' '-fdata-sections' '-MMD' '-v' '-o' 'CMakeFiles/cmTC_58abf.dir/CMakeCCompilerABI.c.obj' '-c' '-specs=device-specs/specs-avr2'
Linking C executable cmTC_58abf
/opt/CLion/bin/cmake/linux/bin/cmake -E cmake_link_script CMakeFiles/cmTC_58abf.dir/link.txt --verbose=1
/opt/arduino/hardware/tools/avr/bin/avr-gcc -g -Os -w -ffunction-sections -fdata-sections -MMD   -w -Os -Wl,--gc-sections -v CMakeFiles/cmTC_58abf.dir/CMakeCCompilerABI.c.obj  -o cmTC_58abf 
Using built-in specs.
Reading specs from /opt/arduino/hardware/tools/avr/bin/../lib/gcc/avr/5.4.0/device-specs/specs-avr2
COLLECT_GCC=/opt/arduino/hardware/tools/avr/bin/avr-gcc
COLLECT_LTO_WRAPPER=/opt/arduino/hardware/tools/avr/bin/../libexec/gcc/avr/5.4.0/lto-wrapper
Target: avr
Configured with: ../gcc/configure --enable-fixed-point --enable-languages=c,c++ --prefix=/home/jenkins/workspace/avr-gcc-staging/label/debian7-x86_64/objdir --disable-nls --disable-libssp --disable-libada --disable-shared --with-avrlibc=yes --with-dwarf2 --disable-doc --target=avr
Thread model: single
gcc version 5.4.0 (GCC) 
COMPILER_PATH=/opt/arduino/hardware/tools/avr/bin/../libexec/gcc/avr/5.4.0/:/opt/arduino/hardware/tools/avr/bin/../libexec/gcc/:/opt/arduino/hardware/tools/avr/bin/../lib/gcc/avr/5.4.0/../../../../avr/bin/
LIBRARY_PATH=/opt/arduino/hardware/tools/avr/bin/../lib/gcc/avr/5.4.0/:/opt/arduino/hardware/tools/avr/bin/../lib/gcc/:/opt/arduino/hardware/tools/avr/bin/../lib/gcc/avr/5.4.0/../../../../avr/lib/
COLLECT_GCC_OPTIONS='-g' '-Os' '-w' '-ffunction-sections' '-fdata-sections' '-MMD' '-w' '-Os' '-v' '-o' 'cmTC_58abf' '-specs=device-specs/specs-avr2'
 /opt/arduino/hardware/tools/avr/bin/../libexec/gcc/avr/5.4.0/collect2 -plugin /opt/arduino/hardware/tools/avr/bin/../libexec/gcc/avr/5.4.0/liblto_plugin.so -plugin-opt=/opt/arduino/hardware/tools/avr/bin/../libexec/gcc/avr/5.4.0/lto-wrapper -plugin-opt=-fresolution=/tmp/ccidrHta.res -plugin-opt=-pass-through=-lgcc -plugin-opt=-pass-through=-lm -plugin-opt=-pass-through=-lc --pmem-wrap-around=8k -o cmTC_58abf -L/opt/arduino/hardware/tools/avr/bin/../lib/gcc/avr/5.4.0 -L/opt/arduino/hardware/tools/avr/bin/../lib/gcc -L/opt/arduino/hardware/tools/avr/bin/../lib/gcc/avr/5.4.0/../../../../avr/lib --gc-sections CMakeFiles/cmTC_58abf.dir/CMakeCCompilerABI.c.obj --start-group -lgcc -lm -lc --end-group
make[1]: Leaving directory '/home/thiago/CLionProjects/carrinhoVencedor/cmake-build-debug/CMakeFiles/CMakeTmp'


Parsed C implicit include dir info from above output: rv=done
  found start of include info
  found start of implicit include info
    add: [/opt/arduino/hardware/tools/avr/bin/../lib/gcc/avr/5.4.0/include]
    add: [/opt/arduino/hardware/tools/avr/bin/../lib/gcc/avr/5.4.0/include-fixed]
    add: [/opt/arduino/hardware/tools/avr/bin/../lib/gcc/avr/5.4.0/../../../../avr/include]
  end of search list found
  collapse include dir [/opt/arduino/hardware/tools/avr/bin/../lib/gcc/avr/5.4.0/include] ==> [/opt/arduino/hardware/tools/avr/lib/gcc/avr/5.4.0/include]
  collapse include dir [/opt/arduino/hardware/tools/avr/bin/../lib/gcc/avr/5.4.0/include-fixed] ==> [/opt/arduino/hardware/tools/avr/lib/gcc/avr/5.4.0/include-fixed]
  collapse include dir [/opt/arduino/hardware/tools/avr/bin/../lib/gcc/avr/5.4.0/../../../../avr/include] ==> [/opt/arduino/hardware/tools/avr/avr/include]
  implicit include dirs: [/opt/arduino/hardware/tools/avr/lib/gcc/avr/5.4.0/include;/opt/arduino/hardware/tools/avr/lib/gcc/avr/5.4.0/include-fixed;/opt/arduino/hardware/tools/avr/avr/include]


Parsed C implicit link information from above output:
  link line regex: [^( *|.*[/\])(avr-ld|CMAKE_LINK_STARTFILE-NOTFOUND|([^/\]+-)?ld|collect2)[^/\]*( |$)]
  ignore line: [Change Dir: /home/thiago/CLionProjects/carrinhoVencedor/cmake-build-debug/CMakeFiles/CMakeTmp]
  ignore line: []
  ignore line: [Run Build Command(s):/usr/bin/make cmTC_58abf/fast ]
  ignore line: [/usr/bin/make -f CMakeFiles/cmTC_58abf.dir/build.make CMakeFiles/cmTC_58abf.dir/build]
  ignore line: [make[1]: Entering directory '/home/thiago/CLionProjects/carrinhoVencedor/cmake-build-debug/CMakeFiles/CMakeTmp']
  ignore line: [Building C object CMakeFiles/cmTC_58abf.dir/CMakeCCompilerABI.c.obj]
  ignore line: [/opt/arduino/hardware/tools/avr/bin/avr-gcc   -g -Os -w -ffunction-sections -fdata-sections -MMD    -v -o CMakeFiles/cmTC_58abf.dir/CMakeCCompilerABI.c.obj   -c /opt/CLion/bin/cmake/linux/share/cmake-3.14/Modules/CMakeCCompilerABI.c]
  ignore line: [Using built-in specs.]
  ignore line: [Reading specs from /opt/arduino/hardware/tools/avr/bin/../lib/gcc/avr/5.4.0/device-specs/specs-avr2]
  ignore line: [COLLECT_GCC=/opt/arduino/hardware/tools/avr/bin/avr-gcc]
  ignore line: [Target: avr]
  ignore line: [Configured with: ../gcc/configure --enable-fixed-point --enable-languages=c,c++ --prefix=/home/jenkins/workspace/avr-gcc-staging/label/debian7-x86_64/objdir --disable-nls --disable-libssp --disable-libada --disable-shared --with-avrlibc=yes --with-dwarf2 --disable-doc --target=avr]
  ignore line: [Thread model: single]
  ignore line: [gcc version 5.4.0 (GCC) ]
  ignore line: [COLLECT_GCC_OPTIONS='-g' '-Os' '-w' '-ffunction-sections' '-fdata-sections' '-MMD' '-v' '-o' 'CMakeFiles/cmTC_58abf.dir/CMakeCCompilerABI.c.obj' '-c' '-specs=device-specs/specs-avr2']
  ignore line: [ /opt/arduino/hardware/tools/avr/bin/../libexec/gcc/avr/5.4.0/cc1 -quiet -v -iprefix /opt/arduino/hardware/tools/avr/bin/../lib/gcc/avr/5.4.0/ -MMD CMakeFiles/cmTC_58abf.dir/CMakeCCompilerABI.c.d -MQ CMakeFiles/cmTC_58abf.dir/CMakeCCompilerABI.c.obj /opt/CLion/bin/cmake/linux/share/cmake-3.14/Modules/CMakeCCompilerABI.c -mn-flash=1 -mskip-bug -quiet -dumpbase CMakeCCompilerABI.c -auxbase-strip CMakeFiles/cmTC_58abf.dir/CMakeCCompilerABI.c.obj -g -Os -w -version -ffunction-sections -fdata-sections -o /tmp/ccyfqE95.s]
  ignore line: [GNU C11 (GCC) version 5.4.0 (avr)]
  ignore line: [	compiled by GNU C version 4.7.2, GMP version 5.0.2, MPFR version 3.0.0, MPC version 0.9]
  ignore line: [GGC heuristics: --param ggc-min-expand=100 --param ggc-min-heapsize=131072]
  ignore line: [ignoring nonexistent directory "/opt/arduino/hardware/tools/avr/bin/../lib/gcc/avr/5.4.0/../../../../avr/sys-include"]
  ignore line: [ignoring duplicate directory "/opt/arduino/hardware/tools/avr/bin/../lib/gcc/../../lib/gcc/avr/5.4.0/include"]
  ignore line: [ignoring duplicate directory "/opt/arduino/hardware/tools/avr/bin/../lib/gcc/../../lib/gcc/avr/5.4.0/include-fixed"]
  ignore line: [ignoring nonexistent directory "/opt/arduino/hardware/tools/avr/bin/../lib/gcc/../../lib/gcc/avr/5.4.0/../../../../avr/sys-include"]
  ignore line: [ignoring duplicate directory "/opt/arduino/hardware/tools/avr/bin/../lib/gcc/../../lib/gcc/avr/5.4.0/../../../../avr/include"]
  ignore line: [#include "..." search starts here:]
  ignore line: [#include <...> search starts here:]
  ignore line: [ /opt/arduino/hardware/tools/avr/bin/../lib/gcc/avr/5.4.0/include]
  ignore line: [ /opt/arduino/hardware/tools/avr/bin/../lib/gcc/avr/5.4.0/include-fixed]
  ignore line: [ /opt/arduino/hardware/tools/avr/bin/../lib/gcc/avr/5.4.0/../../../../avr/include]
  ignore line: [End of search list.]
  ignore line: [GNU C11 (GCC) version 5.4.0 (avr)]
  ignore line: [	compiled by GNU C version 4.7.2, GMP version 5.0.2, MPFR version 3.0.0, MPC version 0.9]
  ignore line: [GGC heuristics: --param ggc-min-expand=100 --param ggc-min-heapsize=131072]
  ignore line: [Compiler executable checksum: f5d8cea1c47b4bee125131f132d8a042]
  ignore line: [COLLECT_GCC_OPTIONS='-g' '-Os' '-w' '-ffunction-sections' '-fdata-sections' '-MMD' '-v' '-o' 'CMakeFiles/cmTC_58abf.dir/CMakeCCompilerABI.c.obj' '-c' '-specs=device-specs/specs-avr2']
  ignore line: [ /opt/arduino/hardware/tools/avr/bin/../lib/gcc/avr/5.4.0/../../../../avr/bin/as -mmcu=avr2 -o CMakeFiles/cmTC_58abf.dir/CMakeCCompilerABI.c.obj /tmp/ccyfqE95.s]
  ignore line: [COMPILER_PATH=/opt/arduino/hardware/tools/avr/bin/../libexec/gcc/avr/5.4.0/:/opt/arduino/hardware/tools/avr/bin/../libexec/gcc/:/opt/arduino/hardware/tools/avr/bin/../lib/gcc/avr/5.4.0/../../../../avr/bin/]
  ignore line: [LIBRARY_PATH=/opt/arduino/hardware/tools/avr/bin/../lib/gcc/avr/5.4.0/:/opt/arduino/hardware/tools/avr/bin/../lib/gcc/:/opt/arduino/hardware/tools/avr/bin/../lib/gcc/avr/5.4.0/../../../../avr/lib/]
  ignore line: [COLLECT_GCC_OPTIONS='-g' '-Os' '-w' '-ffunction-sections' '-fdata-sections' '-MMD' '-v' '-o' 'CMakeFiles/cmTC_58abf.dir/CMakeCCompilerABI.c.obj' '-c' '-specs=device-specs/specs-avr2']
  ignore line: [Linking C executable cmTC_58abf]
  ignore line: [/opt/CLion/bin/cmake/linux/bin/cmake -E cmake_link_script CMakeFiles/cmTC_58abf.dir/link.txt --verbose=1]
  ignore line: [/opt/arduino/hardware/tools/avr/bin/avr-gcc -g -Os -w -ffunction-sections -fdata-sections -MMD   -w -Os -Wl,--gc-sections -v CMakeFiles/cmTC_58abf.dir/CMakeCCompilerABI.c.obj  -o cmTC_58abf ]
  ignore line: [Using built-in specs.]
  ignore line: [Reading specs from /opt/arduino/hardware/tools/avr/bin/../lib/gcc/avr/5.4.0/device-specs/specs-avr2]
  ignore line: [COLLECT_GCC=/opt/arduino/hardware/tools/avr/bin/avr-gcc]
  ignore line: [COLLECT_LTO_WRAPPER=/opt/arduino/hardware/tools/avr/bin/../libexec/gcc/avr/5.4.0/lto-wrapper]
  ignore line: [Target: avr]
  ignore line: [Configured with: ../gcc/configure --enable-fixed-point --enable-languages=c,c++ --prefix=/home/jenkins/workspace/avr-gcc-staging/label/debian7-x86_64/objdir --disable-nls --disable-libssp --disable-libada --disable-shared --with-avrlibc=yes --with-dwarf2 --disable-doc --target=avr]
  ignore line: [Thread model: single]
  ignore line: [gcc version 5.4.0 (GCC) ]
  ignore line: [COMPILER_PATH=/opt/arduino/hardware/tools/avr/bin/../libexec/gcc/avr/5.4.0/:/opt/arduino/hardware/tools/avr/bin/../libexec/gcc/:/opt/arduino/hardware/tools/avr/bin/../lib/gcc/avr/5.4.0/../../../../avr/bin/]
  ignore line: [LIBRARY_PATH=/opt/arduino/hardware/tools/avr/bin/../lib/gcc/avr/5.4.0/:/opt/arduino/hardware/tools/avr/bin/../lib/gcc/:/opt/arduino/hardware/tools/avr/bin/../lib/gcc/avr/5.4.0/../../../../avr/lib/]
  ignore line: [COLLECT_GCC_OPTIONS='-g' '-Os' '-w' '-ffunction-sections' '-fdata-sections' '-MMD' '-w' '-Os' '-v' '-o' 'cmTC_58abf' '-specs=device-specs/specs-avr2']
  link line: [ /opt/arduino/hardware/tools/avr/bin/../libexec/gcc/avr/5.4.0/collect2 -plugin /opt/arduino/hardware/tools/avr/bin/../libexec/gcc/avr/5.4.0/liblto_plugin.so -plugin-opt=/opt/arduino/hardware/tools/avr/bin/../libexec/gcc/avr/5.4.0/lto-wrapper -plugin-opt=-fresolution=/tmp/ccidrHta.res -plugin-opt=-pass-through=-lgcc -plugin-opt=-pass-through=-lm -plugin-opt=-pass-through=-lc --pmem-wrap-around=8k -o cmTC_58abf -L/opt/arduino/hardware/tools/avr/bin/../lib/gcc/avr/5.4.0 -L/opt/arduino/hardware/tools/avr/bin/../lib/gcc -L/opt/arduino/hardware/tools/avr/bin/../lib/gcc/avr/5.4.0/../../../../avr/lib --gc-sections CMakeFiles/cmTC_58abf.dir/CMakeCCompilerABI.c.obj --start-group -lgcc -lm -lc --end-group]
    arg [/opt/arduino/hardware/tools/avr/bin/../libexec/gcc/avr/5.4.0/collect2] ==> ignore
    arg [-plugin] ==> ignore
    arg [/opt/arduino/hardware/tools/avr/bin/../libexec/gcc/avr/5.4.0/liblto_plugin.so] ==> ignore
    arg [-plugin-opt=/opt/arduino/hardware/tools/avr/bin/../libexec/gcc/avr/5.4.0/lto-wrapper] ==> ignore
    arg [-plugin-opt=-fresolution=/tmp/ccidrHta.res] ==> ignore
    arg [-plugin-opt=-pass-through=-lgcc] ==> ignore
    arg [-plugin-opt=-pass-through=-lm] ==> ignore
    arg [-plugin-opt=-pass-through=-lc] ==> ignore
    arg [--pmem-wrap-around=8k] ==> ignore
    arg [-o] ==> ignore
    arg [cmTC_58abf] ==> ignore
    arg [-L/opt/arduino/hardware/tools/avr/bin/../lib/gcc/avr/5.4.0] ==> dir [/opt/arduino/hardware/tools/avr/bin/../lib/gcc/avr/5.4.0]
    arg [-L/opt/arduino/hardware/tools/avr/bin/../lib/gcc] ==> dir [/opt/arduino/hardware/tools/avr/bin/../lib/gcc]
    arg [-L/opt/arduino/hardware/tools/avr/bin/../lib/gcc/avr/5.4.0/../../../../avr/lib] ==> dir [/opt/arduino/hardware/tools/avr/bin/../lib/gcc/avr/5.4.0/../../../../avr/lib]
    arg [--gc-sections] ==> ignore
    arg [CMakeFiles/cmTC_58abf.dir/CMakeCCompilerABI.c.obj] ==> ignore
    arg [--start-group] ==> ignore
    arg [-lgcc] ==> lib [gcc]
    arg [-lm] ==> lib [m]
    arg [-lc] ==> lib [c]
    arg [--end-group] ==> ignore
  collapse library dir [/opt/arduino/hardware/tools/avr/bin/../lib/gcc/avr/5.4.0] ==> [/opt/arduino/hardware/tools/avr/lib/gcc/avr/5.4.0]
  collapse library dir [/opt/arduino/hardware/tools/avr/bin/../lib/gcc] ==> [/opt/arduino/hardware/tools/avr/lib/gcc]
  collapse library dir [/opt/arduino/hardware/tools/avr/bin/../lib/gcc/avr/5.4.0/../../../../avr/lib] ==> [/opt/arduino/hardware/tools/avr/avr/lib]
  implicit libs: [gcc;m;c]
  implicit dirs: [/opt/arduino/hardware/tools/avr/lib/gcc/avr/5.4.0;/opt/arduino/hardware/tools/avr/lib/gcc;/opt/arduino/hardware/tools/avr/avr/lib]
  implicit fwks: []




Detecting C [-std=c11] compiler features compiled with the following output:
Change Dir: /home/thiago/CLionProjects/carrinhoVencedor/cmake-build-debug/CMakeFiles/CMakeTmp

Run Build Command(s):/usr/bin/make cmTC_14600/fast 
/usr/bin/make -f CMakeFiles/cmTC_14600.dir/build.make CMakeFiles/cmTC_14600.dir/build
make[1]: Entering directory '/home/thiago/CLionProjects/carrinhoVencedor/cmake-build-debug/CMakeFiles/CMakeTmp'
Building C object CMakeFiles/cmTC_14600.dir/feature_tests.c.obj
/opt/arduino/hardware/tools/avr/bin/avr-gcc   -g -Os -w -ffunction-sections -fdata-sections -MMD    -std=c11 -o CMakeFiles/cmTC_14600.dir/feature_tests.c.obj   -c /home/thiago/CLionProjects/carrinhoVencedor/cmake-build-debug/CMakeFiles/feature_tests.c
Linking C executable cmTC_14600
/opt/CLion/bin/cmake/linux/bin/cmake -E cmake_link_script CMakeFiles/cmTC_14600.dir/link.txt --verbose=1
/opt/arduino/hardware/tools/avr/bin/avr-gcc -g -Os -w -ffunction-sections -fdata-sections -MMD   -w -Os -Wl,--gc-sections  CMakeFiles/cmTC_14600.dir/feature_tests.c.obj  -o cmTC_14600 
make[1]: Leaving directory '/home/thiago/CLionProjects/carrinhoVencedor/cmake-build-debug/CMakeFiles/CMakeTmp'




Detecting C [-std=c99] compiler features compiled with the following output:
Change Dir: /home/thiago/CLionProjects/carrinhoVencedor/cmake-build-debug/CMakeFiles/CMakeTmp

Run Build Command(s):/usr/bin/make cmTC_5cccc/fast 
/usr/bin/make -f CMakeFiles/cmTC_5cccc.dir/build.make CMakeFiles/cmTC_5cccc.dir/build
make[1]: Entering directory '/home/thiago/CLionProjects/carrinhoVencedor/cmake-build-debug/CMakeFiles/CMakeTmp'
Building C object CMakeFiles/cmTC_5cccc.dir/feature_tests.c.obj
/opt/arduino/hardware/tools/avr/bin/avr-gcc   -g -Os -w -ffunction-sections -fdata-sections -MMD    -std=c99 -o CMakeFiles/cmTC_5cccc.dir/feature_tests.c.obj   -c /home/thiago/CLionProjects/carrinhoVencedor/cmake-build-debug/CMakeFiles/feature_tests.c
Linking C executable cmTC_5cccc
/opt/CLion/bin/cmake/linux/bin/cmake -E cmake_link_script CMakeFiles/cmTC_5cccc.dir/link.txt --verbose=1
/opt/arduino/hardware/tools/avr/bin/avr-gcc -g -Os -w -ffunction-sections -fdata-sections -MMD   -w -Os -Wl,--gc-sections  CMakeFiles/cmTC_5cccc.dir/feature_tests.c.obj  -o cmTC_5cccc 
make[1]: Leaving directory '/home/thiago/CLionProjects/carrinhoVencedor/cmake-build-debug/CMakeFiles/CMakeTmp'




Detecting C [-std=c90] compiler features compiled with the following output:
Change Dir: /home/thiago/CLionProjects/carrinhoVencedor/cmake-build-debug/CMakeFiles/CMakeTmp

Run Build Command(s):/usr/bin/make cmTC_fcf18/fast 
/usr/bin/make -f CMakeFiles/cmTC_fcf18.dir/build.make CMakeFiles/cmTC_fcf18.dir/build
make[1]: Entering directory '/home/thiago/CLionProjects/carrinhoVencedor/cmake-build-debug/CMakeFiles/CMakeTmp'
Building C object CMakeFiles/cmTC_fcf18.dir/feature_tests.c.obj
/opt/arduino/hardware/tools/avr/bin/avr-gcc   -g -Os -w -ffunction-sections -fdata-sections -MMD    -std=c90 -o CMakeFiles/cmTC_fcf18.dir/feature_tests.c.obj   -c /home/thiago/CLionProjects/carrinhoVencedor/cmake-build-debug/CMakeFiles/feature_tests.c
Linking C executable cmTC_fcf18
/opt/CLion/bin/cmake/linux/bin/cmake -E cmake_link_script CMakeFiles/cmTC_fcf18.dir/link.txt --verbose=1
/opt/arduino/hardware/tools/avr/bin/avr-gcc -g -Os -w -ffunction-sections -fdata-sections -MMD   -w -Os -Wl,--gc-sections  CMakeFiles/cmTC_fcf18.dir/feature_tests.c.obj  -o cmTC_fcf18 
make[1]: Leaving directory '/home/thiago/CLionProjects/carrinhoVencedor/cmake-build-debug/CMakeFiles/CMakeTmp'


Determining if the CXX compiler works passed with the following output:
Change Dir: /home/thiago/CLionProjects/carrinhoVencedor/cmake-build-debug/CMakeFiles/CMakeTmp

Run Build Command(s):/usr/bin/make cmTC_4e462/fast 
/usr/bin/make -f CMakeFiles/cmTC_4e462.dir/build.make CMakeFiles/cmTC_4e462.dir/build
make[1]: Entering directory '/home/thiago/CLionProjects/carrinhoVencedor/cmake-build-debug/CMakeFiles/CMakeTmp'
Building CXX object CMakeFiles/cmTC_4e462.dir/testCXXCompiler.cxx.obj
/opt/arduino/hardware/tools/avr/bin/avr-g++    -g -Os -w -fno-exceptions -ffunction-sections -fdata-sections -fno-threadsafe-statics -MMD    -o CMakeFiles/cmTC_4e462.dir/testCXXCompiler.cxx.obj -c /home/thiago/CLionProjects/carrinhoVencedor/cmake-build-debug/CMakeFiles/CMakeTmp/testCXXCompiler.cxx
Linking CXX executable cmTC_4e462
/opt/CLion/bin/cmake/linux/bin/cmake -E cmake_link_script CMakeFiles/cmTC_4e462.dir/link.txt --verbose=1
/opt/arduino/hardware/tools/avr/bin/avr-g++  -g -Os -w -fno-exceptions -ffunction-sections -fdata-sections -fno-threadsafe-statics -MMD   -w -Os -Wl,--gc-sections  CMakeFiles/cmTC_4e462.dir/testCXXCompiler.cxx.obj  -o cmTC_4e462 
make[1]: Leaving directory '/home/thiago/CLionProjects/carrinhoVencedor/cmake-build-debug/CMakeFiles/CMakeTmp'


Detecting CXX compiler ABI info compiled with the following output:
Change Dir: /home/thiago/CLionProjects/carrinhoVencedor/cmake-build-debug/CMakeFiles/CMakeTmp

Run Build Command(s):/usr/bin/make cmTC_8def5/fast 
/usr/bin/make -f CMakeFiles/cmTC_8def5.dir/build.make CMakeFiles/cmTC_8def5.dir/build
make[1]: Entering directory '/home/thiago/CLionProjects/carrinhoVencedor/cmake-build-debug/CMakeFiles/CMakeTmp'
Building CXX object CMakeFiles/cmTC_8def5.dir/CMakeCXXCompilerABI.cpp.obj
/opt/arduino/hardware/tools/avr/bin/avr-g++    -g -Os -w -fno-exceptions -ffunction-sections -fdata-sections -fno-threadsafe-statics -MMD    -v -o CMakeFiles/cmTC_8def5.dir/CMakeCXXCompilerABI.cpp.obj -c /opt/CLion/bin/cmake/linux/share/cmake-3.14/Modules/CMakeCXXCompilerABI.cpp
Using built-in specs.
Reading specs from /opt/arduino/hardware/tools/avr/bin/../lib/gcc/avr/5.4.0/device-specs/specs-avr2
COLLECT_GCC=/opt/arduino/hardware/tools/avr/bin/avr-g++
Target: avr
Configured with: ../gcc/configure --enable-fixed-point --enable-languages=c,c++ --prefix=/home/jenkins/workspace/avr-gcc-staging/label/debian7-x86_64/objdir --disable-nls --disable-libssp --disable-libada --disable-shared --with-avrlibc=yes --with-dwarf2 --disable-doc --target=avr
Thread model: single
gcc version 5.4.0 (GCC) 
COLLECT_GCC_OPTIONS='-g' '-Os' '-w' '-fno-exceptions' '-ffunction-sections' '-fdata-sections' '-fno-threadsafe-statics' '-MMD' '-v' '-o' 'CMakeFiles/cmTC_8def5.dir/CMakeCXXCompilerABI.cpp.obj' '-c' '-specs=device-specs/specs-avr2'
 /opt/arduino/hardware/tools/avr/bin/../libexec/gcc/avr/5.4.0/cc1plus -quiet -v -iprefix /opt/arduino/hardware/tools/avr/bin/../lib/gcc/avr/5.4.0/ -MMD CMakeFiles/cmTC_8def5.dir/CMakeCXXCompilerABI.cpp.d -MQ CMakeFiles/cmTC_8def5.dir/CMakeCXXCompilerABI.cpp.obj /opt/CLion/bin/cmake/linux/share/cmake-3.14/Modules/CMakeCXXCompilerABI.cpp -mn-flash=1 -mskip-bug -quiet -dumpbase CMakeCXXCompilerABI.cpp -auxbase-strip CMakeFiles/cmTC_8def5.dir/CMakeCXXCompilerABI.cpp.obj -g -Os -w -version -fno-exceptions -ffunction-sections -fdata-sections -fno-threadsafe-statics -mn-flash=1 -mskip-bug -fno-rtti -fno-enforce-eh-specs -fno-exceptions -o /tmp/cckQ46Ej.s
GNU C++ (GCC) version 5.4.0 (avr)
	compiled by GNU C version 4.7.2, GMP version 5.0.2, MPFR version 3.0.0, MPC version 0.9
GGC heuristics: --param ggc-min-expand=100 --param ggc-min-heapsize=131072
ignoring nonexistent directory "/opt/arduino/hardware/tools/avr/bin/../lib/gcc/avr/5.4.0/../../../../avr/include/c++/5.4.0"
ignoring nonexistent directory "/opt/arduino/hardware/tools/avr/bin/../lib/gcc/avr/5.4.0/../../../../avr/include/c++/5.4.0/avr"
ignoring nonexistent directory "/opt/arduino/hardware/tools/avr/bin/../lib/gcc/avr/5.4.0/../../../../avr/include/c++/5.4.0/backward"
ignoring nonexistent directory "/opt/arduino/hardware/tools/avr/bin/../lib/gcc/avr/5.4.0/../../../../avr/sys-include"
ignoring nonexistent directory "/opt/arduino/hardware/tools/avr/bin/../lib/gcc/../../lib/gcc/avr/5.4.0/../../../../avr/include/c++/5.4.0"
ignoring nonexistent directory "/opt/arduino/hardware/tools/avr/bin/../lib/gcc/../../lib/gcc/avr/5.4.0/../../../../avr/include/c++/5.4.0/avr"
ignoring nonexistent directory "/opt/arduino/hardware/tools/avr/bin/../lib/gcc/../../lib/gcc/avr/5.4.0/../../../../avr/include/c++/5.4.0/backward"
ignoring duplicate directory "/opt/arduino/hardware/tools/avr/bin/../lib/gcc/../../lib/gcc/avr/5.4.0/include"
ignoring duplicate directory "/opt/arduino/hardware/tools/avr/bin/../lib/gcc/../../lib/gcc/avr/5.4.0/include-fixed"
ignoring nonexistent directory "/opt/arduino/hardware/tools/avr/bin/../lib/gcc/../../lib/gcc/avr/5.4.0/../../../../avr/sys-include"
ignoring duplicate directory "/opt/arduino/hardware/tools/avr/bin/../lib/gcc/../../lib/gcc/avr/5.4.0/../../../../avr/include"
#include "..." search starts here:
#include <...> search starts here:
 /opt/arduino/hardware/tools/avr/bin/../lib/gcc/avr/5.4.0/include
 /opt/arduino/hardware/tools/avr/bin/../lib/gcc/avr/5.4.0/include-fixed
 /opt/arduino/hardware/tools/avr/bin/../lib/gcc/avr/5.4.0/../../../../avr/include
End of search list.
GNU C++ (GCC) version 5.4.0 (avr)
	compiled by GNU C version 4.7.2, GMP version 5.0.2, MPFR version 3.0.0, MPC version 0.9
GGC heuristics: --param ggc-min-expand=100 --param ggc-min-heapsize=131072
Compiler executable checksum: 2807235df8e4e1c1f4596ebd9fe8926b
COLLECT_GCC_OPTIONS='-g' '-Os' '-w' '-fno-exceptions' '-ffunction-sections' '-fdata-sections' '-fno-threadsafe-statics' '-MMD' '-v' '-o' 'CMakeFiles/cmTC_8def5.dir/CMakeCXXCompilerABI.cpp.obj' '-c' '-specs=device-specs/specs-avr2'
 /opt/arduino/hardware/tools/avr/bin/../lib/gcc/avr/5.4.0/../../../../avr/bin/as -mmcu=avr2 -o CMakeFiles/cmTC_8def5.dir/CMakeCXXCompilerABI.cpp.obj /tmp/cckQ46Ej.s
COMPILER_PATH=/opt/arduino/hardware/tools/avr/bin/../libexec/gcc/avr/5.4.0/:/opt/arduino/hardware/tools/avr/bin/../libexec/gcc/:/opt/arduino/hardware/tools/avr/bin/../lib/gcc/avr/5.4.0/../../../../avr/bin/
LIBRARY_PATH=/opt/arduino/hardware/tools/avr/bin/../lib/gcc/avr/5.4.0/:/opt/arduino/hardware/tools/avr/bin/../lib/gcc/:/opt/arduino/hardware/tools/avr/bin/../lib/gcc/avr/5.4.0/../../../../avr/lib/
COLLECT_GCC_OPTIONS='-g' '-Os' '-w' '-fno-exceptions' '-ffunction-sections' '-fdata-sections' '-fno-threadsafe-statics' '-MMD' '-v' '-o' 'CMakeFiles/cmTC_8def5.dir/CMakeCXXCompilerABI.cpp.obj' '-c' '-specs=device-specs/specs-avr2'
Linking CXX executable cmTC_8def5
/opt/CLion/bin/cmake/linux/bin/cmake -E cmake_link_script CMakeFiles/cmTC_8def5.dir/link.txt --verbose=1
/opt/arduino/hardware/tools/avr/bin/avr-g++  -g -Os -w -fno-exceptions -ffunction-sections -fdata-sections -fno-threadsafe-statics -MMD   -w -Os -Wl,--gc-sections -v CMakeFiles/cmTC_8def5.dir/CMakeCXXCompilerABI.cpp.obj  -o cmTC_8def5 
Using built-in specs.
Reading specs from /opt/arduino/hardware/tools/avr/bin/../lib/gcc/avr/5.4.0/device-specs/specs-avr2
COLLECT_GCC=/opt/arduino/hardware/tools/avr/bin/avr-g++
COLLECT_LTO_WRAPPER=/opt/arduino/hardware/tools/avr/bin/../libexec/gcc/avr/5.4.0/lto-wrapper
Target: avr
Configured with: ../gcc/configure --enable-fixed-point --enable-languages=c,c++ --prefix=/home/jenkins/workspace/avr-gcc-staging/label/debian7-x86_64/objdir --disable-nls --disable-libssp --disable-libada --disable-shared --with-avrlibc=yes --with-dwarf2 --disable-doc --target=avr
Thread model: single
gcc version 5.4.0 (GCC) 
COMPILER_PATH=/opt/arduino/hardware/tools/avr/bin/../libexec/gcc/avr/5.4.0/:/opt/arduino/hardware/tools/avr/bin/../libexec/gcc/:/opt/arduino/hardware/tools/avr/bin/../lib/gcc/avr/5.4.0/../../../../avr/bin/
LIBRARY_PATH=/opt/arduino/hardware/tools/avr/bin/../lib/gcc/avr/5.4.0/:/opt/arduino/hardware/tools/avr/bin/../lib/gcc/:/opt/arduino/hardware/tools/avr/bin/../lib/gcc/avr/5.4.0/../../../../avr/lib/
COLLECT_GCC_OPTIONS='-g' '-Os' '-w' '-fno-exceptions' '-ffunction-sections' '-fdata-sections' '-fno-threadsafe-statics' '-MMD' '-w' '-Os' '-v' '-o' 'cmTC_8def5' '-specs=device-specs/specs-avr2'
 /opt/arduino/hardware/tools/avr/bin/../libexec/gcc/avr/5.4.0/collect2 -plugin /opt/arduino/hardware/tools/avr/bin/../libexec/gcc/avr/5.4.0/liblto_plugin.so -plugin-opt=/opt/arduino/hardware/tools/avr/bin/../libexec/gcc/avr/5.4.0/lto-wrapper -plugin-opt=-fresolution=/tmp/ccApgeHl.res -plugin-opt=-pass-through=-lgcc -plugin-opt=-pass-through=-lm -plugin-opt=-pass-through=-lc --pmem-wrap-around=8k -o cmTC_8def5 -L/opt/arduino/hardware/tools/avr/bin/../lib/gcc/avr/5.4.0 -L/opt/arduino/hardware/tools/avr/bin/../lib/gcc -L/opt/arduino/hardware/tools/avr/bin/../lib/gcc/avr/5.4.0/../../../../avr/lib --gc-sections CMakeFiles/cmTC_8def5.dir/CMakeCXXCompilerABI.cpp.obj -lgcc -lm --start-group -lgcc -lm -lc --end-group
make[1]: Leaving directory '/home/thiago/CLionProjects/carrinhoVencedor/cmake-build-debug/CMakeFiles/CMakeTmp'


Parsed CXX implicit include dir info from above output: rv=done
  found start of include info
  found start of implicit include info
    add: [/opt/arduino/hardware/tools/avr/bin/../lib/gcc/avr/5.4.0/include]
    add: [/opt/arduino/hardware/tools/avr/bin/../lib/gcc/avr/5.4.0/include-fixed]
    add: [/opt/arduino/hardware/tools/avr/bin/../lib/gcc/avr/5.4.0/../../../../avr/include]
  end of search list found
  collapse include dir [/opt/arduino/hardware/tools/avr/bin/../lib/gcc/avr/5.4.0/include] ==> [/opt/arduino/hardware/tools/avr/lib/gcc/avr/5.4.0/include]
  collapse include dir [/opt/arduino/hardware/tools/avr/bin/../lib/gcc/avr/5.4.0/include-fixed] ==> [/opt/arduino/hardware/tools/avr/lib/gcc/avr/5.4.0/include-fixed]
  collapse include dir [/opt/arduino/hardware/tools/avr/bin/../lib/gcc/avr/5.4.0/../../../../avr/include] ==> [/opt/arduino/hardware/tools/avr/avr/include]
  implicit include dirs: [/opt/arduino/hardware/tools/avr/lib/gcc/avr/5.4.0/include;/opt/arduino/hardware/tools/avr/lib/gcc/avr/5.4.0/include-fixed;/opt/arduino/hardware/tools/avr/avr/include]


Parsed CXX implicit link information from above output:
  link line regex: [^( *|.*[/\])(avr-ld|CMAKE_LINK_STARTFILE-NOTFOUND|([^/\]+-)?ld|collect2)[^/\]*( |$)]
  ignore line: [Change Dir: /home/thiago/CLionProjects/carrinhoVencedor/cmake-build-debug/CMakeFiles/CMakeTmp]
  ignore line: []
  ignore line: [Run Build Command(s):/usr/bin/make cmTC_8def5/fast ]
  ignore line: [/usr/bin/make -f CMakeFiles/cmTC_8def5.dir/build.make CMakeFiles/cmTC_8def5.dir/build]
  ignore line: [make[1]: Entering directory '/home/thiago/CLionProjects/carrinhoVencedor/cmake-build-debug/CMakeFiles/CMakeTmp']
  ignore line: [Building CXX object CMakeFiles/cmTC_8def5.dir/CMakeCXXCompilerABI.cpp.obj]
  ignore line: [/opt/arduino/hardware/tools/avr/bin/avr-g++    -g -Os -w -fno-exceptions -ffunction-sections -fdata-sections -fno-threadsafe-statics -MMD    -v -o CMakeFiles/cmTC_8def5.dir/CMakeCXXCompilerABI.cpp.obj -c /opt/CLion/bin/cmake/linux/share/cmake-3.14/Modules/CMakeCXXCompilerABI.cpp]
  ignore line: [Using built-in specs.]
  ignore line: [Reading specs from /opt/arduino/hardware/tools/avr/bin/../lib/gcc/avr/5.4.0/device-specs/specs-avr2]
  ignore line: [COLLECT_GCC=/opt/arduino/hardware/tools/avr/bin/avr-g++]
  ignore line: [Target: avr]
  ignore line: [Configured with: ../gcc/configure --enable-fixed-point --enable-languages=c,c++ --prefix=/home/jenkins/workspace/avr-gcc-staging/label/debian7-x86_64/objdir --disable-nls --disable-libssp --disable-libada --disable-shared --with-avrlibc=yes --with-dwarf2 --disable-doc --target=avr]
  ignore line: [Thread model: single]
  ignore line: [gcc version 5.4.0 (GCC) ]
  ignore line: [COLLECT_GCC_OPTIONS='-g' '-Os' '-w' '-fno-exceptions' '-ffunction-sections' '-fdata-sections' '-fno-threadsafe-statics' '-MMD' '-v' '-o' 'CMakeFiles/cmTC_8def5.dir/CMakeCXXCompilerABI.cpp.obj' '-c' '-specs=device-specs/specs-avr2']
  ignore line: [ /opt/arduino/hardware/tools/avr/bin/../libexec/gcc/avr/5.4.0/cc1plus -quiet -v -iprefix /opt/arduino/hardware/tools/avr/bin/../lib/gcc/avr/5.4.0/ -MMD CMakeFiles/cmTC_8def5.dir/CMakeCXXCompilerABI.cpp.d -MQ CMakeFiles/cmTC_8def5.dir/CMakeCXXCompilerABI.cpp.obj /opt/CLion/bin/cmake/linux/share/cmake-3.14/Modules/CMakeCXXCompilerABI.cpp -mn-flash=1 -mskip-bug -quiet -dumpbase CMakeCXXCompilerABI.cpp -auxbase-strip CMakeFiles/cmTC_8def5.dir/CMakeCXXCompilerABI.cpp.obj -g -Os -w -version -fno-exceptions -ffunction-sections -fdata-sections -fno-threadsafe-statics -mn-flash=1 -mskip-bug -fno-rtti -fno-enforce-eh-specs -fno-exceptions -o /tmp/cckQ46Ej.s]
  ignore line: [GNU C++ (GCC) version 5.4.0 (avr)]
  ignore line: [	compiled by GNU C version 4.7.2, GMP version 5.0.2, MPFR version 3.0.0, MPC version 0.9]
  ignore line: [GGC heuristics: --param ggc-min-expand=100 --param ggc-min-heapsize=131072]
  ignore line: [ignoring nonexistent directory "/opt/arduino/hardware/tools/avr/bin/../lib/gcc/avr/5.4.0/../../../../avr/include/c++/5.4.0"]
  ignore line: [ignoring nonexistent directory "/opt/arduino/hardware/tools/avr/bin/../lib/gcc/avr/5.4.0/../../../../avr/include/c++/5.4.0/avr"]
  ignore line: [ignoring nonexistent directory "/opt/arduino/hardware/tools/avr/bin/../lib/gcc/avr/5.4.0/../../../../avr/include/c++/5.4.0/backward"]
  ignore line: [ignoring nonexistent directory "/opt/arduino/hardware/tools/avr/bin/../lib/gcc/avr/5.4.0/../../../../avr/sys-include"]
  ignore line: [ignoring nonexistent directory "/opt/arduino/hardware/tools/avr/bin/../lib/gcc/../../lib/gcc/avr/5.4.0/../../../../avr/include/c++/5.4.0"]
  ignore line: [ignoring nonexistent directory "/opt/arduino/hardware/tools/avr/bin/../lib/gcc/../../lib/gcc/avr/5.4.0/../../../../avr/include/c++/5.4.0/avr"]
  ignore line: [ignoring nonexistent directory "/opt/arduino/hardware/tools/avr/bin/../lib/gcc/../../lib/gcc/avr/5.4.0/../../../../avr/include/c++/5.4.0/backward"]
  ignore line: [ignoring duplicate directory "/opt/arduino/hardware/tools/avr/bin/../lib/gcc/../../lib/gcc/avr/5.4.0/include"]
  ignore line: [ignoring duplicate directory "/opt/arduino/hardware/tools/avr/bin/../lib/gcc/../../lib/gcc/avr/5.4.0/include-fixed"]
  ignore line: [ignoring nonexistent directory "/opt/arduino/hardware/tools/avr/bin/../lib/gcc/../../lib/gcc/avr/5.4.0/../../../../avr/sys-include"]
  ignore line: [ignoring duplicate directory "/opt/arduino/hardware/tools/avr/bin/../lib/gcc/../../lib/gcc/avr/5.4.0/../../../../avr/include"]
  ignore line: [#include "..." search starts here:]
  ignore line: [#include <...> search starts here:]
  ignore line: [ /opt/arduino/hardware/tools/avr/bin/../lib/gcc/avr/5.4.0/include]
  ignore line: [ /opt/arduino/hardware/tools/avr/bin/../lib/gcc/avr/5.4.0/include-fixed]
  ignore line: [ /opt/arduino/hardware/tools/avr/bin/../lib/gcc/avr/5.4.0/../../../../avr/include]
  ignore line: [End of search list.]
  ignore line: [GNU C++ (GCC) version 5.4.0 (avr)]
  ignore line: [	compiled by GNU C version 4.7.2, GMP version 5.0.2, MPFR version 3.0.0, MPC version 0.9]
  ignore line: [GGC heuristics: --param ggc-min-expand=100 --param ggc-min-heapsize=131072]
  ignore line: [Compiler executable checksum: 2807235df8e4e1c1f4596ebd9fe8926b]
  ignore line: [COLLECT_GCC_OPTIONS='-g' '-Os' '-w' '-fno-exceptions' '-ffunction-sections' '-fdata-sections' '-fno-threadsafe-statics' '-MMD' '-v' '-o' 'CMakeFiles/cmTC_8def5.dir/CMakeCXXCompilerABI.cpp.obj' '-c' '-specs=device-specs/specs-avr2']
  ignore line: [ /opt/arduino/hardware/tools/avr/bin/../lib/gcc/avr/5.4.0/../../../../avr/bin/as -mmcu=avr2 -o CMakeFiles/cmTC_8def5.dir/CMakeCXXCompilerABI.cpp.obj /tmp/cckQ46Ej.s]
  ignore line: [COMPILER_PATH=/opt/arduino/hardware/tools/avr/bin/../libexec/gcc/avr/5.4.0/:/opt/arduino/hardware/tools/avr/bin/../libexec/gcc/:/opt/arduino/hardware/tools/avr/bin/../lib/gcc/avr/5.4.0/../../../../avr/bin/]
  ignore line: [LIBRARY_PATH=/opt/arduino/hardware/tools/avr/bin/../lib/gcc/avr/5.4.0/:/opt/arduino/hardware/tools/avr/bin/../lib/gcc/:/opt/arduino/hardware/tools/avr/bin/../lib/gcc/avr/5.4.0/../../../../avr/lib/]
  ignore line: [COLLECT_GCC_OPTIONS='-g' '-Os' '-w' '-fno-exceptions' '-ffunction-sections' '-fdata-sections' '-fno-threadsafe-statics' '-MMD' '-v' '-o' 'CMakeFiles/cmTC_8def5.dir/CMakeCXXCompilerABI.cpp.obj' '-c' '-specs=device-specs/specs-avr2']
  ignore line: [Linking CXX executable cmTC_8def5]
  ignore line: [/opt/CLion/bin/cmake/linux/bin/cmake -E cmake_link_script CMakeFiles/cmTC_8def5.dir/link.txt --verbose=1]
  ignore line: [/opt/arduino/hardware/tools/avr/bin/avr-g++  -g -Os -w -fno-exceptions -ffunction-sections -fdata-sections -fno-threadsafe-statics -MMD   -w -Os -Wl,--gc-sections -v CMakeFiles/cmTC_8def5.dir/CMakeCXXCompilerABI.cpp.obj  -o cmTC_8def5 ]
  ignore line: [Using built-in specs.]
  ignore line: [Reading specs from /opt/arduino/hardware/tools/avr/bin/../lib/gcc/avr/5.4.0/device-specs/specs-avr2]
  ignore line: [COLLECT_GCC=/opt/arduino/hardware/tools/avr/bin/avr-g++]
  ignore line: [COLLECT_LTO_WRAPPER=/opt/arduino/hardware/tools/avr/bin/../libexec/gcc/avr/5.4.0/lto-wrapper]
  ignore line: [Target: avr]
  ignore line: [Configured with: ../gcc/configure --enable-fixed-point --enable-languages=c,c++ --prefix=/home/jenkins/workspace/avr-gcc-staging/label/debian7-x86_64/objdir --disable-nls --disable-libssp --disable-libada --disable-shared --with-avrlibc=yes --with-dwarf2 --disable-doc --target=avr]
  ignore line: [Thread model: single]
  ignore line: [gcc version 5.4.0 (GCC) ]
  ignore line: [COMPILER_PATH=/opt/arduino/hardware/tools/avr/bin/../libexec/gcc/avr/5.4.0/:/opt/arduino/hardware/tools/avr/bin/../libexec/gcc/:/opt/arduino/hardware/tools/avr/bin/../lib/gcc/avr/5.4.0/../../../../avr/bin/]
  ignore line: [LIBRARY_PATH=/opt/arduino/hardware/tools/avr/bin/../lib/gcc/avr/5.4.0/:/opt/arduino/hardware/tools/avr/bin/../lib/gcc/:/opt/arduino/hardware/tools/avr/bin/../lib/gcc/avr/5.4.0/../../../../avr/lib/]
  ignore line: [COLLECT_GCC_OPTIONS='-g' '-Os' '-w' '-fno-exceptions' '-ffunction-sections' '-fdata-sections' '-fno-threadsafe-statics' '-MMD' '-w' '-Os' '-v' '-o' 'cmTC_8def5' '-specs=device-specs/specs-avr2']
  link line: [ /opt/arduino/hardware/tools/avr/bin/../libexec/gcc/avr/5.4.0/collect2 -plugin /opt/arduino/hardware/tools/avr/bin/../libexec/gcc/avr/5.4.0/liblto_plugin.so -plugin-opt=/opt/arduino/hardware/tools/avr/bin/../libexec/gcc/avr/5.4.0/lto-wrapper -plugin-opt=-fresolution=/tmp/ccApgeHl.res -plugin-opt=-pass-through=-lgcc -plugin-opt=-pass-through=-lm -plugin-opt=-pass-through=-lc --pmem-wrap-around=8k -o cmTC_8def5 -L/opt/arduino/hardware/tools/avr/bin/../lib/gcc/avr/5.4.0 -L/opt/arduino/hardware/tools/avr/bin/../lib/gcc -L/opt/arduino/hardware/tools/avr/bin/../lib/gcc/avr/5.4.0/../../../../avr/lib --gc-sections CMakeFiles/cmTC_8def5.dir/CMakeCXXCompilerABI.cpp.obj -lgcc -lm --start-group -lgcc -lm -lc --end-group]
    arg [/opt/arduino/hardware/tools/avr/bin/../libexec/gcc/avr/5.4.0/collect2] ==> ignore
    arg [-plugin] ==> ignore
    arg [/opt/arduino/hardware/tools/avr/bin/../libexec/gcc/avr/5.4.0/liblto_plugin.so] ==> ignore
    arg [-plugin-opt=/opt/arduino/hardware/tools/avr/bin/../libexec/gcc/avr/5.4.0/lto-wrapper] ==> ignore
    arg [-plugin-opt=-fresolution=/tmp/ccApgeHl.res] ==> ignore
    arg [-plugin-opt=-pass-through=-lgcc] ==> ignore
    arg [-plugin-opt=-pass-through=-lm] ==> ignore
    arg [-plugin-opt=-pass-through=-lc] ==> ignore
    arg [--pmem-wrap-around=8k] ==> ignore
    arg [-o] ==> ignore
    arg [cmTC_8def5] ==> ignore
    arg [-L/opt/arduino/hardware/tools/avr/bin/../lib/gcc/avr/5.4.0] ==> dir [/opt/arduino/hardware/tools/avr/bin/../lib/gcc/avr/5.4.0]
    arg [-L/opt/arduino/hardware/tools/avr/bin/../lib/gcc] ==> dir [/opt/arduino/hardware/tools/avr/bin/../lib/gcc]
    arg [-L/opt/arduino/hardware/tools/avr/bin/../lib/gcc/avr/5.4.0/../../../../avr/lib] ==> dir [/opt/arduino/hardware/tools/avr/bin/../lib/gcc/avr/5.4.0/../../../../avr/lib]
    arg [--gc-sections] ==> ignore
    arg [CMakeFiles/cmTC_8def5.dir/CMakeCXXCompilerABI.cpp.obj] ==> ignore
    arg [-lgcc] ==> lib [gcc]
    arg [-lm] ==> lib [m]
    arg [--start-group] ==> ignore
    arg [-lgcc] ==> lib [gcc]
    arg [-lm] ==> lib [m]
    arg [-lc] ==> lib [c]
    arg [--end-group] ==> ignore
  collapse library dir [/opt/arduino/hardware/tools/avr/bin/../lib/gcc/avr/5.4.0] ==> [/opt/arduino/hardware/tools/avr/lib/gcc/avr/5.4.0]
  collapse library dir [/opt/arduino/hardware/tools/avr/bin/../lib/gcc] ==> [/opt/arduino/hardware/tools/avr/lib/gcc]
  collapse library dir [/opt/arduino/hardware/tools/avr/bin/../lib/gcc/avr/5.4.0/../../../../avr/lib] ==> [/opt/arduino/hardware/tools/avr/avr/lib]
  implicit libs: [gcc;m;gcc;m;c]
  implicit dirs: [/opt/arduino/hardware/tools/avr/lib/gcc/avr/5.4.0;/opt/arduino/hardware/tools/avr/lib/gcc;/opt/arduino/hardware/tools/avr/avr/lib]
  implicit fwks: []




Detecting CXX [-std=c++1z] compiler features compiled with the following output:
Change Dir: /home/thiago/CLionProjects/carrinhoVencedor/cmake-build-debug/CMakeFiles/CMakeTmp

Run Build Command(s):/usr/bin/make cmTC_1e686/fast 
/usr/bin/make -f CMakeFiles/cmTC_1e686.dir/build.make CMakeFiles/cmTC_1e686.dir/build
make[1]: Entering directory '/home/thiago/CLionProjects/carrinhoVencedor/cmake-build-debug/CMakeFiles/CMakeTmp'
Building CXX object CMakeFiles/cmTC_1e686.dir/feature_tests.cxx.obj
/opt/arduino/hardware/tools/avr/bin/avr-g++    -g -Os -w -fno-exceptions -ffunction-sections -fdata-sections -fno-threadsafe-statics -MMD    -std=c++1z -o CMakeFiles/cmTC_1e686.dir/feature_tests.cxx.obj -c /home/thiago/CLionProjects/carrinhoVencedor/cmake-build-debug/CMakeFiles/feature_tests.cxx
Linking CXX executable cmTC_1e686
/opt/CLion/bin/cmake/linux/bin/cmake -E cmake_link_script CMakeFiles/cmTC_1e686.dir/link.txt --verbose=1
/opt/arduino/hardware/tools/avr/bin/avr-g++  -g -Os -w -fno-exceptions -ffunction-sections -fdata-sections -fno-threadsafe-statics -MMD   -w -Os -Wl,--gc-sections  CMakeFiles/cmTC_1e686.dir/feature_tests.cxx.obj  -o cmTC_1e686 
make[1]: Leaving directory '/home/thiago/CLionProjects/carrinhoVencedor/cmake-build-debug/CMakeFiles/CMakeTmp'




Detecting CXX [-std=c++14] compiler features compiled with the following output:
Change Dir: /home/thiago/CLionProjects/carrinhoVencedor/cmake-build-debug/CMakeFiles/CMakeTmp

Run Build Command(s):/usr/bin/make cmTC_3e1c6/fast 
/usr/bin/make -f CMakeFiles/cmTC_3e1c6.dir/build.make CMakeFiles/cmTC_3e1c6.dir/build
make[1]: Entering directory '/home/thiago/CLionProjects/carrinhoVencedor/cmake-build-debug/CMakeFiles/CMakeTmp'
Building CXX object CMakeFiles/cmTC_3e1c6.dir/feature_tests.cxx.obj
/opt/arduino/hardware/tools/avr/bin/avr-g++    -g -Os -w -fno-exceptions -ffunction-sections -fdata-sections -fno-threadsafe-statics -MMD    -std=c++14 -o CMakeFiles/cmTC_3e1c6.dir/feature_tests.cxx.obj -c /home/thiago/CLionProjects/carrinhoVencedor/cmake-build-debug/CMakeFiles/feature_tests.cxx
Linking CXX executable cmTC_3e1c6
/opt/CLion/bin/cmake/linux/bin/cmake -E cmake_link_script CMakeFiles/cmTC_3e1c6.dir/link.txt --verbose=1
/opt/arduino/hardware/tools/avr/bin/avr-g++  -g -Os -w -fno-exceptions -ffunction-sections -fdata-sections -fno-threadsafe-statics -MMD   -w -Os -Wl,--gc-sections  CMakeFiles/cmTC_3e1c6.dir/feature_tests.cxx.obj  -o cmTC_3e1c6 
make[1]: Leaving directory '/home/thiago/CLionProjects/carrinhoVencedor/cmake-build-debug/CMakeFiles/CMakeTmp'




Detecting CXX [-std=c++11] compiler features compiled with the following output:
Change Dir: /home/thiago/CLionProjects/carrinhoVencedor/cmake-build-debug/CMakeFiles/CMakeTmp

Run Build Command(s):/usr/bin/make cmTC_f0e2e/fast 
/usr/bin/make -f CMakeFiles/cmTC_f0e2e.dir/build.make CMakeFiles/cmTC_f0e2e.dir/build
make[1]: Entering directory '/home/thiago/CLionProjects/carrinhoVencedor/cmake-build-debug/CMakeFiles/CMakeTmp'
Building CXX object CMakeFiles/cmTC_f0e2e.dir/feature_tests.cxx.obj
/opt/arduino/hardware/tools/avr/bin/avr-g++    -g -Os -w -fno-exceptions -ffunction-sections -fdata-sections -fno-threadsafe-statics -MMD    -std=c++11 -o CMakeFiles/cmTC_f0e2e.dir/feature_tests.cxx.obj -c /home/thiago/CLionProjects/carrinhoVencedor/cmake-build-debug/CMakeFiles/feature_tests.cxx
Linking CXX executable cmTC_f0e2e
/opt/CLion/bin/cmake/linux/bin/cmake -E cmake_link_script CMakeFiles/cmTC_f0e2e.dir/link.txt --verbose=1
/opt/arduino/hardware/tools/avr/bin/avr-g++  -g -Os -w -fno-exceptions -ffunction-sections -fdata-sections -fno-threadsafe-statics -MMD   -w -Os -Wl,--gc-sections  CMakeFiles/cmTC_f0e2e.dir/feature_tests.cxx.obj  -o cmTC_f0e2e 
make[1]: Leaving directory '/home/thiago/CLionProjects/carrinhoVencedor/cmake-build-debug/CMakeFiles/CMakeTmp'




Detecting CXX [-std=c++98] compiler features compiled with the following output:
Change Dir: /home/thiago/CLionProjects/carrinhoVencedor/cmake-build-debug/CMakeFiles/CMakeTmp

Run Build Command(s):/usr/bin/make cmTC_7b170/fast 
/usr/bin/make -f CMakeFiles/cmTC_7b170.dir/build.make CMakeFiles/cmTC_7b170.dir/build
make[1]: Entering directory '/home/thiago/CLionProjects/carrinhoVencedor/cmake-build-debug/CMakeFiles/CMakeTmp'
Building CXX object CMakeFiles/cmTC_7b170.dir/feature_tests.cxx.obj
/opt/arduino/hardware/tools/avr/bin/avr-g++    -g -Os -w -fno-exceptions -ffunction-sections -fdata-sections -fno-threadsafe-statics -MMD    -std=c++98 -o CMakeFiles/cmTC_7b170.dir/feature_tests.cxx.obj -c /home/thiago/CLionProjects/carrinhoVencedor/cmake-build-debug/CMakeFiles/feature_tests.cxx
Linking CXX executable cmTC_7b170
/opt/CLion/bin/cmake/linux/bin/cmake -E cmake_link_script CMakeFiles/cmTC_7b170.dir/link.txt --verbose=1
/opt/arduino/hardware/tools/avr/bin/avr-g++  -g -Os -w -fno-exceptions -ffunction-sections -fdata-sections -fno-threadsafe-statics -MMD   -w -Os -Wl,--gc-sections  CMakeFiles/cmTC_7b170.dir/feature_tests.cxx.obj  -o cmTC_7b170 
make[1]: Leaving directory '/home/thiago/CLionProjects/carrinhoVencedor/cmake-build-debug/CMakeFiles/CMakeTmp'


